\BOOKMARK [1][-]{section*.3}{\376\377\000I\000n\000t\000r\000o\000d\000u\000c\000t\000i\000o\000n}{}% 1
\BOOKMARK [1][-]{section.1}{\376\377\0001\000\040\000L\000o\000g\000i\000c\000\040\000o\000f\000\040\000p\000r\000o\000p\000o\000s\000i\000t\000i\000o\000n\000s\000\040\000a\000n\000d\000\040\000p\000r\000e\000d\000i\000c\000a\000t\000e\000s}{}% 2
\BOOKMARK [2][-]{subsection.1.1}{\376\377\0001\000.\0001\000\040\000P\000r\000o\000p\000o\000s\000i\000t\000i\000o\000n\000a\000l\000\040\000l\000o\000g\000i\000c}{section.1}% 3
\BOOKMARK [2][-]{subsection.1.2}{\376\377\0001\000.\0002\000\040\000P\000r\000e\000d\000i\000c\000a\000t\000e\000\040\000l\000o\000g\000i\000c}{section.1}% 4
\BOOKMARK [2][-]{subsection.1.3}{\376\377\0001\000.\0003\000\040\000A\000x\000i\000o\000m\000a\000t\000i\000c\000\040\000s\000y\000s\000t\000e\000m\000s\000\040\000a\000n\000d\000\040\000t\000h\000e\000o\000r\000y\000\040\000o\000f\000\040\000p\000r\000o\000o\000f\000s}{section.1}% 5
\BOOKMARK [1][-]{section.2}{\376\377\0002\000\040\000A\000x\000i\000o\000m\000s\000\040\000o\000f\000\040\000s\000e\000t\000\040\000t\000h\000e\000o\000r\000y}{}% 6
\BOOKMARK [2][-]{subsection.2.1}{\376\377\0002\000.\0001\000\040\000T\000h\000e\000\040\000e\000p\000s\000i\000l\000o\000n\000-\000r\000e\000l\000a\000t\000i\000o\000n}{section.2}% 7
\BOOKMARK [2][-]{subsection.2.2}{\376\377\0002\000.\0002\000\040\000Z\000e\000r\000m\000e\000l\000o\000-\000F\000r\000a\000e\000n\000k\000e\000l\000\040\000a\000x\000i\000o\000m\000s\000\040\000o\000f\000\040\000s\000e\000t\000\040\000t\000h\000e\000o\000r\000y}{section.2}% 8
\BOOKMARK [1][-]{section.3}{\376\377\0003\000\040\000C\000l\000a\000s\000s\000i\000f\000i\000c\000a\000t\000i\000o\000n\000\040\000o\000f\000\040\000s\000e\000t\000s}{}% 9
\BOOKMARK [2][-]{subsection.3.1}{\376\377\0003\000.\0001\000\040\000M\000a\000p\000s\000\040\000b\000e\000t\000w\000e\000e\000n\000\040\000s\000e\000t\000s}{section.3}% 10
\BOOKMARK [2][-]{subsection.3.2}{\376\377\0003\000.\0002\000\040\000E\000q\000u\000i\000v\000a\000l\000e\000n\000c\000e\000\040\000r\000e\000l\000a\000t\000i\000o\000n\000s}{section.3}% 11
\BOOKMARK [2][-]{subsection.3.3}{\376\377\0003\000.\0003\000\040\000C\000o\000n\000s\000t\000r\000u\000c\000t\000i\000o\000n\000\040\000o\000f\000\040\000N\000,\000\040\000Z\000,\000\040\000Q\000\040\000a\000n\000d\000\040\000R}{section.3}% 12
\BOOKMARK [1][-]{section.4}{\376\377\0004\000\040\000T\000o\000p\000o\000l\000o\000g\000i\000c\000a\000l\000\040\000s\000p\000a\000c\000e\000s\000:\000\040\000c\000o\000n\000s\000t\000r\000u\000c\000t\000i\000o\000n\000\040\000a\000n\000d\000\040\000p\000u\000r\000p\000o\000s\000e}{}% 13
\BOOKMARK [2][-]{subsection.4.1}{\376\377\0004\000.\0001\000\040\000T\000o\000p\000o\000l\000o\000g\000i\000c\000a\000l\000\040\000s\000p\000a\000c\000e\000s}{section.4}% 14
\BOOKMARK [2][-]{subsection.4.2}{\376\377\0004\000.\0002\000\040\000C\000o\000n\000s\000t\000r\000u\000c\000t\000i\000o\000n\000\040\000o\000f\000\040\000n\000e\000w\000\040\000t\000o\000p\000o\000l\000o\000g\000i\000e\000s\000\040\000f\000r\000o\000m\000\040\000g\000i\000v\000e\000n\000\040\000o\000n\000e\000s}{section.4}% 15
\BOOKMARK [2][-]{subsection.4.3}{\376\377\0004\000.\0003\000\040\000C\000o\000n\000v\000e\000r\000g\000e\000n\000c\000e}{section.4}% 16
\BOOKMARK [2][-]{subsection.4.4}{\376\377\0004\000.\0004\000\040\000C\000o\000n\000t\000i\000n\000u\000i\000t\000y}{section.4}% 17
\BOOKMARK [1][-]{section.5}{\376\377\0005\000\040\000T\000o\000p\000o\000l\000o\000g\000i\000c\000a\000l\000\040\000s\000p\000a\000c\000e\000s\000:\000\040\000s\000o\000m\000e\000\040\000h\000e\000a\000v\000i\000l\000y\000\040\000u\000s\000e\000d\000\040\000i\000n\000v\000a\000r\000i\000a\000n\000t\000s}{}% 18
\BOOKMARK [2][-]{subsection.5.1}{\376\377\0005\000.\0001\000\040\000S\000e\000p\000a\000r\000a\000t\000i\000o\000n\000\040\000p\000r\000o\000p\000e\000r\000t\000i\000e\000s}{section.5}% 19
\BOOKMARK [2][-]{subsection.5.2}{\376\377\0005\000.\0002\000\040\000C\000o\000m\000p\000a\000c\000t\000n\000e\000s\000s\000\040\000a\000n\000d\000\040\000p\000a\000r\000a\000c\000o\000m\000p\000a\000c\000t\000n\000e\000s\000s}{section.5}% 20
\BOOKMARK [2][-]{subsection.5.3}{\376\377\0005\000.\0003\000\040\000C\000o\000n\000n\000e\000c\000t\000e\000d\000n\000e\000s\000s\000\040\000a\000n\000d\000\040\000p\000a\000t\000h\000-\000c\000o\000n\000n\000e\000c\000t\000e\000d\000n\000e\000s\000s}{section.5}% 21
\BOOKMARK [2][-]{subsection.5.4}{\376\377\0005\000.\0004\000\040\000H\000o\000m\000o\000t\000o\000p\000i\000c\000\040\000c\000u\000r\000v\000e\000s\000\040\000a\000n\000d\000\040\000t\000h\000e\000\040\000f\000u\000n\000d\000a\000m\000e\000n\000t\000a\000l\000\040\000g\000r\000o\000u\000p}{section.5}% 22
\BOOKMARK [1][-]{section.6}{\376\377\0006\000\040\000T\000o\000p\000o\000l\000o\000g\000i\000c\000a\000l\000\040\000m\000a\000n\000i\000f\000o\000l\000d\000s\000\040\000a\000n\000d\000\040\000b\000u\000n\000d\000l\000e\000s}{}% 23
\BOOKMARK [2][-]{subsection.6.1}{\376\377\0006\000.\0001\000\040\000T\000o\000p\000o\000l\000o\000g\000i\000c\000a\000l\000\040\000m\000a\000n\000i\000f\000o\000l\000d\000s}{section.6}% 24
\BOOKMARK [2][-]{subsection.6.2}{\376\377\0006\000.\0002\000\040\000B\000u\000n\000d\000l\000e\000s}{section.6}% 25
\BOOKMARK [2][-]{subsection.6.3}{\376\377\0006\000.\0003\000\040\000V\000i\000e\000w\000i\000n\000g\000\040\000m\000a\000n\000i\000f\000o\000l\000d\000s\000\040\000f\000r\000o\000m\000\040\000a\000t\000l\000a\000s\000e\000s}{section.6}% 26
\BOOKMARK [1][-]{section.7}{\376\377\0007\000\040\000D\000i\000f\000f\000e\000r\000e\000n\000t\000i\000a\000b\000l\000e\000\040\000s\000t\000r\000u\000c\000t\000u\000r\000e\000s\000:\000\040\000d\000e\000f\000i\000n\000i\000t\000i\000o\000n\000\040\000a\000n\000d\000\040\000c\000l\000a\000s\000s\000i\000f\000i\000c\000a\000t\000i\000o\000n}{}% 27
\BOOKMARK [2][-]{subsection.7.1}{\376\377\0007\000.\0001\000\040\000A\000d\000d\000i\000n\000g\000\040\000s\000t\000r\000u\000c\000t\000u\000r\000e\000\040\000b\000y\000\040\000r\000e\000f\000i\000n\000i\000n\000g\000\040\000t\000h\000e\000\040\000\050\000m\000a\000x\000i\000m\000a\000l\000\051\000\040\000a\000t\000l\000a\000s}{section.7}% 28
\BOOKMARK [2][-]{subsection.7.2}{\376\377\0007\000.\0002\000\040\000D\000i\000f\000f\000e\000r\000e\000n\000t\000i\000a\000b\000l\000e\000\040\000m\000a\000n\000i\000f\000o\000l\000d\000s}{section.7}% 29
\BOOKMARK [2][-]{subsection.7.3}{\376\377\0007\000.\0003\000\040\000C\000l\000a\000s\000s\000i\000f\000i\000c\000a\000t\000i\000o\000n\000\040\000o\000f\000\040\000d\000i\000f\000f\000e\000r\000e\000n\000t\000i\000a\000b\000l\000e\000\040\000s\000t\000r\000u\000c\000t\000u\000r\000e\000s}{section.7}% 30
\BOOKMARK [1][-]{section.8}{\376\377\0008\000\040\000T\000e\000n\000s\000o\000r\000\040\000s\000p\000a\000c\000e\000\040\000t\000h\000e\000o\000r\000y\000\040\000I\000:\000\040\000o\000v\000e\000r\000\040\000a\000\040\000f\000i\000e\000l\000d}{}% 31
\BOOKMARK [2][-]{subsection.8.1}{\376\377\0008\000.\0001\000\040\000V\000e\000c\000t\000o\000r\000\040\000s\000p\000a\000c\000e\000s}{section.8}% 32
\BOOKMARK [2][-]{subsection.8.2}{\376\377\0008\000.\0002\000\040\000T\000e\000n\000s\000o\000r\000s\000\040\000a\000n\000d\000\040\000t\000e\000n\000s\000o\000r\000\040\000s\000p\000a\000c\000e\000s}{section.8}% 33
\BOOKMARK [2][-]{subsection.8.3}{\376\377\0008\000.\0003\000\040\000N\000o\000t\000a\000t\000i\000o\000n\000a\000l\000\040\000c\000o\000n\000v\000e\000n\000t\000i\000o\000n\000s}{section.8}% 34
\BOOKMARK [2][-]{subsection.8.4}{\376\377\0008\000.\0004\000\040\000D\000e\000t\000e\000r\000m\000i\000n\000a\000n\000t\000s}{section.8}% 35
\BOOKMARK [1][-]{section.9}{\376\377\0009\000\040\000D\000i\000f\000f\000e\000r\000e\000n\000t\000i\000a\000l\000\040\000s\000t\000r\000u\000c\000t\000u\000r\000e\000s\000:\000\040\000t\000h\000e\000\040\000p\000i\000v\000o\000t\000a\000l\000\040\000c\000o\000n\000c\000e\000p\000t\000\040\000o\000f\000\040\000t\000a\000n\000g\000e\000n\000t\000\040\000v\000e\000c\000t\000o\000r\000\040\000s\000p\000a\000c\000e\000s}{}% 36
\BOOKMARK [2][-]{subsection.9.1}{\376\377\0009\000.\0001\000\040\000T\000a\000n\000g\000e\000n\000t\000\040\000s\000p\000a\000c\000e\000s\000\040\000t\000o\000\040\000a\000\040\000m\000a\000n\000i\000f\000o\000l\000d}{section.9}% 37
\BOOKMARK [2][-]{subsection.9.2}{\376\377\0009\000.\0002\000\040\000A\000l\000g\000e\000b\000r\000a\000s\000\040\000a\000n\000d\000\040\000d\000e\000r\000i\000v\000a\000t\000i\000o\000n\000s}{section.9}% 38
\BOOKMARK [2][-]{subsection.9.3}{\376\377\0009\000.\0003\000\040\000A\000\040\000b\000a\000s\000i\000s\000\040\000f\000o\000r\000\040\000t\000h\000e\000\040\000t\000a\000n\000g\000e\000n\000t\000\040\000s\000p\000a\000c\000e}{section.9}% 39
\BOOKMARK [1][-]{section.10}{\376\377\0001\0000\000\040\000C\000o\000n\000s\000t\000r\000u\000c\000t\000i\000o\000n\000\040\000o\000f\000\040\000t\000h\000e\000\040\000t\000a\000n\000g\000e\000n\000t\000\040\000b\000u\000n\000d\000l\000e}{}% 40
\BOOKMARK [2][-]{subsection.10.1}{\376\377\0001\0000\000.\0001\000\040\000C\000o\000t\000a\000n\000g\000e\000n\000t\000\040\000s\000p\000a\000c\000e\000s\000\040\000a\000n\000d\000\040\000t\000h\000e\000\040\000d\000i\000f\000f\000e\000r\000e\000n\000t\000i\000a\000l}{section.10}% 41
\BOOKMARK [2][-]{subsection.10.2}{\376\377\0001\0000\000.\0002\000\040\000P\000u\000s\000h\000-\000f\000o\000r\000w\000a\000r\000d\000\040\000a\000n\000d\000\040\000p\000u\000l\000l\000-\000b\000a\000c\000k}{section.10}% 42
\BOOKMARK [2][-]{subsection.10.3}{\376\377\0001\0000\000.\0003\000\040\000I\000m\000m\000e\000r\000s\000i\000o\000n\000s\000\040\000a\000n\000d\000\040\000e\000m\000b\000e\000d\000d\000i\000n\000g\000s}{section.10}% 43
\BOOKMARK [2][-]{subsection.10.4}{\376\377\0001\0000\000.\0004\000\040\000T\000h\000e\000\040\000t\000a\000n\000g\000e\000n\000t\000\040\000b\000u\000n\000d\000l\000e}{section.10}% 44
\BOOKMARK [1][-]{section.11}{\376\377\0001\0001\000\040\000T\000e\000n\000s\000o\000r\000\040\000s\000p\000a\000c\000e\000\040\000t\000h\000e\000o\000r\000y\000\040\000I\000I\000:\000\040\000o\000v\000e\000r\000\040\000a\000\040\000r\000i\000n\000g}{}% 45
\BOOKMARK [2][-]{subsection.11.1}{\376\377\0001\0001\000.\0001\000\040\000V\000e\000c\000t\000o\000r\000\040\000f\000i\000e\000l\000d\000s}{section.11}% 46
\BOOKMARK [2][-]{subsection.11.2}{\376\377\0001\0001\000.\0002\000\040\000R\000i\000n\000g\000s\000\040\000a\000n\000d\000\040\000m\000o\000d\000u\000l\000e\000s\000\040\000o\000v\000e\000r\000\040\000a\000\040\000r\000i\000n\000g}{section.11}% 47
\BOOKMARK [2][-]{subsection.11.3}{\376\377\0001\0001\000.\0003\000\040\000B\000a\000s\000e\000s\000\040\000f\000o\000r\000\040\000m\000o\000d\000u\000l\000e\000s}{section.11}% 48
\BOOKMARK [2][-]{subsection.11.4}{\376\377\0001\0001\000.\0004\000\040\000M\000o\000d\000u\000l\000e\000\040\000c\000o\000n\000s\000t\000r\000u\000c\000t\000i\000o\000n\000s\000\040\000a\000n\000d\000\040\000a\000p\000p\000l\000i\000c\000a\000t\000i\000o\000n\000s}{section.11}% 49
\BOOKMARK [1][-]{section.12}{\376\377\0001\0002\000\040\000G\000r\000a\000s\000s\000m\000a\000n\000n\000\040\000a\000l\000g\000e\000b\000r\000a\000\040\000a\000n\000d\000\040\000d\000e\000\040\000R\000h\000a\000m\000\040\000c\000o\000h\000o\000m\000o\000l\000o\000g\000y}{}% 50
\BOOKMARK [2][-]{subsection.12.1}{\376\377\0001\0002\000.\0001\000\040\000D\000i\000f\000f\000e\000r\000e\000n\000t\000i\000a\000l\000\040\000f\000o\000r\000m\000s}{section.12}% 51
\BOOKMARK [2][-]{subsection.12.2}{\376\377\0001\0002\000.\0002\000\040\000T\000h\000e\000\040\000G\000r\000a\000s\000s\000m\000a\000n\000n\000\040\000a\000l\000g\000e\000b\000r\000a}{section.12}% 52
\BOOKMARK [2][-]{subsection.12.3}{\376\377\0001\0002\000.\0003\000\040\000T\000h\000e\000\040\000e\000x\000t\000e\000r\000i\000o\000r\000\040\000d\000e\000r\000i\000v\000a\000t\000i\000v\000e}{section.12}% 53
\BOOKMARK [2][-]{subsection.12.4}{\376\377\0001\0002\000.\0004\000\040\000d\000e\000\040\000R\000h\000a\000m\000\040\000c\000o\000h\000o\000m\000o\000l\000o\000g\000y}{section.12}% 54
\BOOKMARK [1][-]{section.13}{\376\377\0001\0003\000\040\000L\000i\000e\000\040\000g\000r\000o\000u\000p\000s\000\040\000a\000n\000d\000\040\000t\000h\000e\000i\000r\000\040\000L\000i\000e\000\040\000a\000l\000g\000e\000b\000r\000a\000s}{}% 55
\BOOKMARK [2][-]{subsection.13.1}{\376\377\0001\0003\000.\0001\000\040\000L\000i\000e\000\040\000g\000r\000o\000u\000p\000s}{section.13}% 56
\BOOKMARK [2][-]{subsection.13.2}{\376\377\0001\0003\000.\0002\000\040\000T\000h\000e\000\040\000l\000e\000f\000t\000\040\000t\000r\000a\000n\000s\000l\000a\000t\000i\000o\000n\000\040\000m\000a\000p}{section.13}% 57
\BOOKMARK [2][-]{subsection.13.3}{\376\377\0001\0003\000.\0003\000\040\000T\000h\000e\000\040\000L\000i\000e\000\040\000a\000l\000g\000e\000b\000r\000a\000\040\000o\000f\000\040\000a\000\040\000L\000i\000e\000\040\000g\000r\000o\000u\000p}{section.13}% 58
\BOOKMARK [1][-]{section.14}{\376\377\0001\0004\000\040\000C\000l\000a\000s\000s\000i\000f\000i\000c\000a\000t\000i\000o\000n\000\040\000o\000f\000\040\000L\000i\000e\000\040\000a\000l\000g\000e\000b\000r\000a\000s\000\040\000a\000n\000d\000\040\000D\000y\000n\000k\000i\000n\000\040\000d\000i\000a\000g\000r\000a\000m\000s}{}% 59
\BOOKMARK [2][-]{subsection.14.1}{\376\377\0001\0004\000.\0001\000\040\000L\000i\000e\000\040\000a\000l\000g\000e\000b\000r\000a\000s}{section.14}% 60
\BOOKMARK [2][-]{subsection.14.2}{\376\377\0001\0004\000.\0002\000\040\000T\000h\000e\000\040\000a\000d\000j\000o\000i\000n\000t\000\040\000m\000a\000p\000\040\000a\000n\000d\000\040\000t\000h\000e\000\040\000K\000i\000l\000l\000i\000n\000g\000\040\000f\000o\000r\000m}{section.14}% 61
\BOOKMARK [2][-]{subsection.14.3}{\376\377\0001\0004\000.\0003\000\040\000T\000h\000e\000\040\000f\000u\000n\000d\000a\000m\000e\000n\000t\000a\000l\000\040\000r\000o\000o\000t\000s\000\040\000a\000n\000d\000\040\000t\000h\000e\000\040\000W\000e\000y\000l\000\040\000g\000r\000o\000u\000p}{section.14}% 62
\BOOKMARK [2][-]{subsection.14.4}{\376\377\0001\0004\000.\0004\000\040\000D\000y\000n\000k\000i\000n\000\040\000d\000i\000a\000g\000r\000a\000m\000s\000\040\000a\000n\000d\000\040\000t\000h\000e\000\040\000C\000a\000r\000t\000a\000n\000\040\000c\000l\000a\000s\000s\000i\000f\000i\000c\000a\000t\000i\000o\000n}{section.14}% 63
\BOOKMARK [1][-]{section.15}{\376\377\0001\0005\000\040\000T\000h\000e\000\040\000L\000i\000e\000\040\000g\000r\000o\000u\000p\000\040\000S\000L\000\050\0002\000,\000C\000\051\000\040\000a\000n\000d\000\040\000i\000t\000s\000\040\000L\000i\000e\000\040\000a\000l\000g\000e\000b\000r\000a\000\040\000s\000l\000\050\0002\000,\000C\000\051}{}% 64
\BOOKMARK [2][-]{subsection.15.1}{\376\377\0001\0005\000.\0001\000\040\000T\000h\000e\000\040\000s\000t\000r\000u\000c\000t\000u\000r\000e\000\040\000o\000f\000\040\000S\000L\000\050\0002\000,\000C\000\051}{section.15}% 65
\BOOKMARK [2][-]{subsection.15.2}{\376\377\0001\0005\000.\0002\000\040\000T\000h\000e\000\040\000L\000i\000e\000\040\000a\000l\000g\000e\000b\000r\000a\000\040\000o\000f\000\040\000S\000L\000\050\0002\000,\000C\000\051}{section.15}% 66
\BOOKMARK [1][-]{section.16}{\376\377\0001\0006\000\040\000D\000y\000n\000k\000i\000n\000\040\000d\000i\000a\000g\000r\000a\000m\000s\000\040\000f\000r\000o\000m\000\040\000L\000i\000e\000\040\000a\000l\000g\000e\000b\000r\000a\000s\000,\000\040\000a\000n\000d\000\040\000v\000i\000c\000e\000\040\000v\000e\000r\000s\000a}{}% 67
\BOOKMARK [2][-]{subsection.16.1}{\376\377\0001\0006\000.\0001\000\040\000T\000h\000e\000\040\000s\000i\000m\000p\000l\000i\000c\000i\000t\000y\000\040\000o\000f\000\040\000s\000l\000\050\0002\000,\000C\000\051}{section.16}% 68
\BOOKMARK [2][-]{subsection.16.2}{\376\377\0001\0006\000.\0002\000\040\000T\000h\000e\000\040\000r\000o\000o\000t\000s\000\040\000a\000n\000d\000\040\000D\000y\000n\000k\000i\000n\000\040\000d\000i\000a\000g\000r\000a\000m\000\040\000o\000f\000\040\000s\000l\000\050\0002\000,\000C\000\051}{section.16}% 69
\BOOKMARK [2][-]{subsection.16.3}{\376\377\0001\0006\000.\0003\000\040\000R\000e\000c\000o\000n\000s\000t\000r\000u\000c\000t\000i\000o\000n\000\040\000o\000f\000\040\000A\0002\000\040\000f\000r\000o\000m\000\040\000i\000t\000s\000\040\000D\000y\000n\000k\000i\000n\000\040\000d\000i\000a\000g\000r\000a\000m}{section.16}% 70
\BOOKMARK [1][-]{section.17}{\376\377\0001\0007\000\040\000R\000e\000p\000r\000e\000s\000e\000n\000t\000a\000t\000i\000o\000n\000\040\000t\000h\000e\000o\000r\000y\000\040\000o\000f\000\040\000L\000i\000e\000\040\000g\000r\000o\000u\000p\000s\000\040\000a\000n\000d\000\040\000L\000i\000e\000\040\000a\000l\000g\000e\000b\000r\000a\000s}{}% 71
\BOOKMARK [2][-]{subsection.17.1}{\376\377\0001\0007\000.\0001\000\040\000R\000e\000p\000r\000e\000s\000e\000n\000t\000a\000t\000i\000o\000n\000s\000\040\000o\000f\000\040\000L\000i\000e\000\040\000a\000l\000g\000e\000b\000r\000a\000s}{section.17}% 72
\BOOKMARK [2][-]{subsection.17.2}{\376\377\0001\0007\000.\0002\000\040\000T\000h\000e\000\040\000C\000a\000s\000i\000m\000i\000r\000\040\000o\000p\000e\000r\000a\000t\000o\000r}{section.17}% 73
\BOOKMARK [2][-]{subsection.17.3}{\376\377\0001\0007\000.\0003\000\040\000R\000e\000p\000r\000e\000s\000e\000n\000t\000a\000t\000i\000o\000n\000s\000\040\000o\000f\000\040\000L\000i\000e\000\040\000g\000r\000o\000u\000p\000s}{section.17}% 74
\BOOKMARK [1][-]{section.18}{\376\377\0001\0008\000\040\000R\000e\000c\000o\000n\000s\000t\000r\000u\000c\000t\000i\000o\000n\000\040\000o\000f\000\040\000a\000\040\000L\000i\000e\000\040\000g\000r\000o\000u\000p\000\040\000f\000r\000o\000m\000\040\000i\000t\000s\000\040\000a\000l\000g\000e\000b\000r\000a}{}% 75
\BOOKMARK [2][-]{subsection.18.1}{\376\377\0001\0008\000.\0001\000\040\000I\000n\000t\000e\000g\000r\000a\000l\000\040\000c\000u\000r\000v\000e\000s}{section.18}% 76
\BOOKMARK [2][-]{subsection.18.2}{\376\377\0001\0008\000.\0002\000\040\000T\000h\000e\000\040\000e\000x\000p\000o\000n\000e\000n\000t\000i\000a\000l\000\040\000m\000a\000p}{section.18}% 77
\BOOKMARK [1][-]{section.19}{\376\377\0001\0009\000\040\000P\000r\000i\000n\000c\000i\000p\000a\000l\000\040\000f\000i\000b\000r\000e\000\040\000b\000u\000n\000d\000l\000e\000s}{}% 78
\BOOKMARK [2][-]{subsection.19.1}{\376\377\0001\0009\000.\0001\000\040\000L\000i\000e\000\040\000g\000r\000o\000u\000p\000\040\000a\000c\000t\000i\000o\000n\000s\000\040\000o\000n\000\040\000a\000\040\000m\000a\000n\000i\000f\000o\000l\000d}{section.19}% 79
\BOOKMARK [2][-]{subsection.19.2}{\376\377\0001\0009\000.\0002\000\040\000P\000r\000i\000n\000c\000i\000p\000a\000l\000\040\000f\000i\000b\000r\000e\000\040\000b\000u\000n\000d\000l\000e\000s}{section.19}% 80
\BOOKMARK [2][-]{subsection.19.3}{\376\377\0001\0009\000.\0003\000\040\000P\000r\000i\000n\000c\000i\000p\000a\000l\000\040\000b\000u\000n\000d\000l\000e\000\040\000m\000o\000r\000p\000h\000i\000s\000m\000s}{section.19}% 81
\BOOKMARK [1][-]{section.20}{\376\377\0002\0000\000\040\000A\000s\000s\000o\000c\000i\000a\000t\000e\000d\000\040\000f\000i\000b\000r\000e\000\040\000b\000u\000n\000d\000l\000e\000s}{}% 82
\BOOKMARK [2][-]{subsection.20.1}{\376\377\0002\0000\000.\0001\000\040\000A\000s\000s\000o\000c\000i\000a\000t\000e\000d\000\040\000f\000i\000b\000r\000e\000\040\000b\000u\000n\000d\000l\000e\000s}{section.20}% 83
\BOOKMARK [2][-]{subsection.20.2}{\376\377\0002\0000\000.\0002\000\040\000A\000s\000s\000o\000c\000i\000a\000t\000e\000d\000\040\000b\000u\000n\000d\000l\000e\000\040\000m\000o\000r\000p\000h\000i\000s\000m\000s}{section.20}% 84
\BOOKMARK [1][-]{section.21}{\376\377\0002\0001\000\040\000C\000o\000n\000n\000e\000c\000t\000i\000o\000n\000s\000\040\000a\000n\000d\000\040\000c\000o\000n\000n\000e\000c\000t\000i\000o\000n\000\040\0001\000-\000f\000o\000r\000m\000s}{}% 85
\BOOKMARK [2][-]{subsection.21.1}{\376\377\0002\0001\000.\0001\000\040\000C\000o\000n\000n\000e\000c\000t\000i\000o\000n\000s\000\040\000o\000n\000\040\000a\000\040\000p\000r\000i\000n\000c\000i\000p\000a\000l\000\040\000b\000u\000n\000d\000l\000e}{section.21}% 86
\BOOKMARK [2][-]{subsection.21.2}{\376\377\0002\0001\000.\0002\000\040\000C\000o\000n\000n\000e\000c\000t\000i\000o\000n\000\040\000o\000n\000e\000-\000f\000o\000r\000m\000s}{section.21}% 87
\BOOKMARK [1][-]{section.22}{\376\377\0002\0002\000\040\000L\000o\000c\000a\000l\000\040\000r\000e\000p\000r\000e\000s\000e\000n\000t\000a\000t\000i\000o\000n\000s\000\040\000o\000f\000\040\000a\000\040\000c\000o\000n\000n\000e\000c\000t\000i\000o\000n\000\040\000o\000n\000\040\000t\000h\000e\000\040\000b\000a\000s\000e\000\040\000m\000a\000n\000i\000f\000o\000l\000d\000:\000\040\000Y\000a\000n\000g\000-\000M\000i\000l\000l\000s\000\040\000f\000i\000e\000l\000d\000s}{}% 88
\BOOKMARK [2][-]{subsection.22.1}{\376\377\0002\0002\000.\0001\000\040\000Y\000a\000n\000g\000-\000M\000i\000l\000l\000s\000\040\000f\000i\000e\000l\000d\000s\000\040\000a\000n\000d\000\040\000l\000o\000c\000a\000l\000\040\000r\000e\000p\000r\000e\000s\000e\000n\000t\000a\000t\000i\000o\000n\000s}{section.22}% 89
\BOOKMARK [2][-]{subsection.22.2}{\376\377\0002\0002\000.\0002\000\040\000T\000h\000e\000\040\000M\000a\000u\000r\000e\000r\000-\000C\000a\000r\000t\000a\000n\000\040\000f\000o\000r\000m}{section.22}% 90
\BOOKMARK [2][-]{subsection.22.3}{\376\377\0002\0002\000.\0003\000\040\000T\000h\000e\000\040\000g\000a\000u\000g\000e\000\040\000m\000a\000p}{section.22}% 91
\BOOKMARK [1][-]{section.23}{\376\377\0002\0003\000\040\000P\000a\000r\000a\000l\000l\000e\000l\000\040\000t\000r\000a\000n\000s\000p\000o\000r\000t}{}% 92
\BOOKMARK [2][-]{subsection.23.1}{\376\377\0002\0003\000.\0001\000\040\000H\000o\000r\000i\000z\000o\000n\000t\000a\000l\000\040\000l\000i\000f\000t\000s\000\040\000t\000o\000\040\000t\000h\000e\000\040\000p\000r\000i\000n\000c\000i\000p\000a\000l\000\040\000b\000u\000n\000d\000l\000e}{section.23}% 93
\BOOKMARK [2][-]{subsection.23.2}{\376\377\0002\0003\000.\0002\000\040\000S\000o\000l\000u\000t\000i\000o\000n\000\040\000o\000f\000\040\000t\000h\000e\000\040\000h\000o\000r\000i\000z\000o\000n\000t\000a\000l\000\040\000l\000i\000f\000t\000\040\000O\000D\000E\000\040\000b\000y\000\040\000a\000\040\000p\000a\000t\000h\000-\000o\000r\000d\000e\000r\000e\000d\000\040\000e\000x\000p\000o\000n\000e\000n\000t\000i\000a\000l}{section.23}% 94
\BOOKMARK [2][-]{subsection.23.3}{\376\377\0002\0003\000.\0003\000\040\000H\000o\000r\000i\000z\000o\000n\000t\000a\000l\000\040\000l\000i\000f\000t\000s\000\040\000t\000o\000\040\000t\000h\000e\000\040\000a\000s\000s\000o\000c\000i\000a\000t\000e\000d\000\040\000b\000u\000n\000d\000l\000e}{section.23}% 95
\BOOKMARK [1][-]{section.24}{\376\377\0002\0004\000\040\000C\000u\000r\000v\000a\000t\000u\000r\000e\000\040\000a\000n\000d\000\040\000t\000o\000r\000s\000i\000o\000n\000\040\000o\000n\000\040\000p\000r\000i\000n\000c\000i\000p\000a\000l\000\040\000b\000u\000n\000d\000l\000e\000s}{}% 96
\BOOKMARK [2][-]{subsection.24.1}{\376\377\0002\0004\000.\0001\000\040\000C\000o\000v\000a\000r\000i\000a\000n\000t\000\040\000e\000x\000t\000e\000r\000i\000o\000r\000\040\000d\000e\000r\000i\000v\000a\000t\000i\000v\000e\000\040\000a\000n\000d\000\040\000c\000u\000r\000v\000a\000t\000u\000r\000e}{section.24}% 97
\BOOKMARK [2][-]{subsection.24.2}{\376\377\0002\0004\000.\0002\000\040\000T\000o\000r\000s\000i\000o\000n}{section.24}% 98
\BOOKMARK [1][-]{section.25}{\376\377\0002\0005\000\040\000C\000o\000v\000a\000r\000i\000a\000n\000t\000\040\000d\000e\000r\000i\000v\000a\000t\000i\000v\000e\000s}{}% 99
\BOOKMARK [2][-]{subsection.25.1}{\376\377\0002\0005\000.\0001\000\040\000E\000q\000u\000i\000v\000a\000l\000e\000n\000c\000e\000\040\000o\000f\000\040\000l\000o\000c\000a\000l\000\040\000s\000e\000c\000t\000i\000o\000n\000s\000\040\000a\000n\000d\000\040\000e\000q\000u\000i\000v\000a\000r\000i\000a\000n\000t\000\040\000f\000u\000n\000c\000t\000i\000o\000n\000s}{section.25}% 100
\BOOKMARK [2][-]{subsection.25.2}{\376\377\0002\0005\000.\0002\000\040\000L\000i\000n\000e\000a\000r\000\040\000a\000c\000t\000i\000o\000n\000s\000\040\000o\000n\000\040\000a\000s\000s\000o\000c\000i\000a\000t\000e\000d\000\040\000v\000e\000c\000t\000o\000r\000\040\000f\000i\000b\000r\000e\000\040\000b\000u\000n\000d\000l\000e\000s}{section.25}% 101
\BOOKMARK [2][-]{subsection.25.3}{\376\377\0002\0005\000.\0003\000\040\000C\000o\000n\000s\000t\000r\000u\000c\000t\000i\000o\000n\000\040\000o\000f\000\040\000t\000h\000e\000\040\000c\000o\000v\000a\000r\000i\000a\000n\000t\000\040\000d\000e\000r\000i\000v\000a\000t\000i\000v\000e}{section.25}% 102
\BOOKMARK [1][-]{section.26}{\376\377\0002\0006\000\040\000A\000p\000p\000l\000i\000c\000a\000t\000i\000o\000n\000:\000\040\000Q\000u\000a\000n\000t\000u\000m\000\040\000m\000e\000c\000h\000a\000n\000i\000c\000s\000\040\000o\000n\000\040\000c\000u\000r\000v\000e\000d\000\040\000s\000p\000a\000c\000e\000s}{}% 103
\BOOKMARK [1][-]{section.27}{\376\377\0002\0007\000\040\000A\000p\000p\000l\000i\000c\000a\000t\000i\000o\000n\000:\000\040\000S\000p\000i\000n\000\040\000s\000t\000r\000u\000c\000t\000u\000r\000e\000s}{}% 104
\BOOKMARK [1][-]{section.28}{\376\377\0002\0008\000\040\000A\000p\000p\000l\000i\000c\000a\000t\000i\000o\000n\000:\000\040\000K\000i\000n\000e\000m\000a\000t\000i\000c\000a\000l\000\040\000a\000n\000d\000\040\000d\000y\000n\000a\000m\000i\000c\000a\000l\000\040\000s\000y\000m\000m\000e\000t\000r\000i\000e\000s}{}% 105
\BOOKMARK [1][-]{section*.25}{\376\377\000F\000u\000r\000t\000h\000e\000r\000\040\000r\000e\000a\000d\000i\000n\000g\000s}{}% 106
\BOOKMARK [1][-]{section*.35}{\376\377\000A\000l\000p\000h\000a\000b\000e\000t\000i\000c\000a\000l\000\040\000I\000n\000d\000e\000x}{}% 107
